#
# A fatal error has been detected by the Java Runtime Environment:
#
#  EXCEPTION_ACCESS_VIOLATION (0xc0000005) at pc=0x00007ffcd644e0fb, pid=15228, tid=12856
#
# JRE version: Java(TM) SE Runtime Environment (14.0.1+7) (build 14.0.1+7)
# Java VM: Java HotSpot(TM) 64-Bit Server VM (14.0.1+7, mixed mode, sharing, tiered, compressed oops, g1 gc, windows-amd64)
# Problematic frame:
# C  [atio6axx.dll+0x194e0fb]
#
# No core dump will be written. Minidumps are not enabled by default on client versions of Windows
#
# If you would like to submit a bug report, please visit:
#   https://bugreport.java.com/bugreport/crash.jsp
# The crash happened outside the Java Virtual Machine in native code.
# See problematic frame for where to report the bug.
#

---------------  S U M M A R Y ------------

Command Line: -javaagent:C:\Program Files\JetBrains\IntelliJ IDEA Community Edition 2020.1\lib\idea_rt.jar=56605:C:\Program Files\JetBrains\IntelliJ IDEA Community Edition 2020.1\bin -Dfile.encoding=UTF-8 Robot.Robot_Run

Host: Intel(R) Core(TM) i5-4460  CPU @ 3.20GHz, 4 cores, 15G,  Windows 10 , 64 bit Build 18362 (10.0.18362.900)
Time: Thu Jun 18 21:01:28 2020 ?rodkowoeuropejski czas letni elapsed time: 16 seconds (0d 0h 0m 16s)

---------------  T H R E A D  ---------------

Current thread (0x000001a26d962800):  JavaThread "J3D-Renderer-1" [_thread_in_native, id=12856, stack(0x0000000ea0500000,0x0000000ea0600000)]

Stack: [0x0000000ea0500000,0x0000000ea0600000],  sp=0x0000000ea05fd460,  free space=1013k
Native frames: (J=compiled Java code, j=interpreted, Vv=VM code, C=native code)
C  [atio6axx.dll+0x194e0fb]

Java frames: (J=compiled Java code, j=interpreted, Vv=VM code)
J 1447  javax.media.j3d.NativePipeline.swapBuffers(Ljavax/media/j3d/Canvas3D;JJJ)I (0 bytes) @ 0x000001a254935709 [0x000001a2549356a0+0x0000000000000069]
J 1446 c1 javax.media.j3d.NativePipeline.swapBuffers(Ljavax/media/j3d/Canvas3D;Ljavax/media/j3d/Context;JLjavax/media/j3d/Drawable;)I (18 bytes) @ 0x000001a24d6d3c3c [0x000001a24d6d3860+0x00000000000003dc]
J 1314 c1 javax.media.j3d.Canvas3D.swapBuffers(Ljavax/media/j3d/Context;JLjavax/media/j3d/Drawable;)I (12 bytes) @ 0x000001a24d66105c [0x000001a24d660ec0+0x000000000000019c]
J 1224 c2 javax.media.j3d.Renderer.doWork(J)V (6488 bytes) @ 0x000001a2549208a4 [0x000001a25491f820+0x0000000000001084]
j  javax.media.j3d.J3dThread.run()V+19
v  ~StubRoutines::call_stub

siginfo: EXCEPTION_ACCESS_VIOLATION (0xc0000005), reading address 0x0000000000000040


Register to memory mapping:

RIP=0x00007ffcd644e0fb atio6axx.dll
RAX=0x000001a299211188 points into unknown readable memory: 50 02 3b d6 fc 7f 00 00
RBX=0x0 is NULL
RCX=0x0 is NULL
RDX=0x0 is NULL
RSP=0x0000000ea05fd460 is pointing into the stack for thread: 0x000001a26d962800
RBP=0x000001a299210ce0 points into unknown readable memory: 88 25 56 d7 fc 7f 00 00
RSI=0x000001a292e37450 points into unknown readable memory: e8 1f 56 d7 fc 7f 00 00
RDI=0x0 is NULL
R8 =0x0 is NULL
R9 =0x0 is NULL
R10=0x00007ffcd7565620 atio6axx.dll
R11=0x0 is NULL
R12=0x000001a29304cbf0 points into unknown readable memory: 20 56 56 d7 fc 7f 00 00
R13=0x00007ffcd7560ce0 atio6axx.dll
R14=0x0 is NULL
R15=0x0 is NULL


Registers:
RAX=0x000001a299211188, RBX=0x0000000000000000, RCX=0x0000000000000000, RDX=0x0000000000000000
RSP=0x0000000ea05fd460, RBP=0x000001a299210ce0, RSI=0x000001a292e37450, RDI=0x0000000000000000
R8 =0x0000000000000000, R9 =0x0000000000000000, R10=0x00007ffcd7565620, R11=0x0000000000000000
R12=0x000001a29304cbf0, R13=0x00007ffcd7560ce0, R14=0x0000000000000000, R15=0x0000000000000000
RIP=0x00007ffcd644e0fb, EFLAGS=0x0000000000010246

Top of Stack: (sp=0x0000000ea05fd460)
0x0000000ea05fd460:   0000000000000000 000001a2423d1800
0x0000000ea05fd470:   0000000000000000 000001a2423d0000
0x0000000ea05fd480:   000001a29304cbf0 00007ffcd64cfbde
0x0000000ea05fd490:   0000000000000140 000001a2423d0cc0
0x0000000ea05fd4a0:   0000000000000000 0000000000000000
0x0000000ea05fd4b0:   0000000000000130 0000000000000000
0x0000000ea05fd4c0:   0000000000000000 00007ffd3a77c43f
0x0000000ea05fd4d0:   0000000000190004 0000000000002410
0x0000000ea05fd4e0:   000001a2994fe880 00007ffd3a77b997
0x0000000ea05fd4f0:   000001a2423d0000 0000000000000000
0x0000000ea05fd500:   0000000000000000 000001a2423d3d80
0x0000000ea05fd510:   0000000000000000 000001a292e37450
0x0000000ea05fd520:   0000000000001001 00007ffcd647e6ce
0x0000000ea05fd530:   000001a29304cbf0 0000000000000000
0x0000000ea05fd540:   000000ff00000000 0000000000000000
0x0000000ea05fd550:   0000000000001001 00007ffcd647e925 

Instructions: (pc=0x00007ffcd644e0fb)
0x00007ffcd644dffb:   87 60 05 00 00 c7 80 90 11 00 00 ff ff ff ff 48
0x00007ffcd644e00b:   8b 87 60 05 00 00 c7 80 94 11 00 00 ff ff ff ff
0x00007ffcd644e01b:   48 8b 87 60 05 00 00 48 c7 80 98 11 00 00 ff ff
0x00007ffcd644e02b:   ff ff 48 8b 87 60 05 00 00 c7 80 a0 11 00 00 ff
0x00007ffcd644e03b:   ff ff ff 48 8b 87 60 05 00 00 c7 80 a4 11 00 00
0x00007ffcd644e04b:   ff ff ff ff 48 8b 87 60 05 00 00 c7 80 a8 11 00
0x00007ffcd644e05b:   00 ff ff ff ff 48 8b 87 60 05 00 00 c7 80 ac 11
0x00007ffcd644e06b:   00 00 ff ff ff ff 48 8b 87 60 05 00 00 48 89 a8
0x00007ffcd644e07b:   b0 11 00 00 48 8b 87 60 05 00 00 48 89 a8 b8 11
0x00007ffcd644e08b:   00 00 48 8b 87 60 05 00 00 c7 80 c0 11 00 00 ff
0x00007ffcd644e09b:   ff ff ff 48 8b 87 60 05 00 00 c7 80 c4 11 00 00
0x00007ffcd644e0ab:   ff ff ff ff 48 8b 87 60 05 00 00 89 a8 cc 11 00
0x00007ffcd644e0bb:   00 48 8b 87 60 05 00 00 89 a8 d0 11 00 00 48 8b
0x00007ffcd644e0cb:   87 60 05 00 00 89 a8 d4 11 00 00 89 ab 50 01 00
0x00007ffcd644e0db:   00 48 8b 47 40 c6 80 44 01 00 00 00 48 83 c4 40
0x00007ffcd644e0eb:   5f 5d 5b c3 cc 40 53 48 83 ec 20 48 8b d9 33 d2
0x00007ffcd644e0fb:   48 8b 49 40 48 8b 01 ff 50 18 48 8b 43 40 33 c9
0x00007ffcd644e10b:   c7 80 34 01 00 00 01 00 00 00 48 8b 83 48 04 00
0x00007ffcd644e11b:   00 48 89 8b 30 04 00 00 48 89 8b 38 04 00 00 48
0x00007ffcd644e12b:   89 8b 48 04 00 00 48 89 8b 40 04 00 00 48 83 c4
0x00007ffcd644e13b:   20 5b c3 cc cc 48 89 5c 24 18 55 56 41 56 48 83
0x00007ffcd644e14b:   ec 20 45 33 f6 41 c6 80 38 01 00 00 01 4d 89 b0
0x00007ffcd644e15b:   48 01 00 00 be ff ff ff ff 45 89 b0 50 01 00 00
0x00007ffcd644e16b:   4d 8b d9 45 88 b0 72 01 00 00 49 8b d8 4d 89 b0
0x00007ffcd644e17b:   78 01 00 00 48 8b ea 4d 89 b0 80 01 00 00 41 c6
0x00007ffcd644e18b:   80 44 01 00 00 01 4d 89 70 18 4d 89 70 28 49 89
0x00007ffcd644e19b:   70 38 4d 89 70 50 4d 89 70 60 49 89 70 70 4d 89
0x00007ffcd644e1ab:   b0 88 00 00 00 4d 89 b0 98 00 00 00 49 89 b0 a8
0x00007ffcd644e1bb:   00 00 00 4d 89 b0 c0 00 00 00 4d 89 b0 d0 00 00
0x00007ffcd644e1cb:   00 49 89 b0 e0 00 00 00 48 89 7c 24 40 41 8b fe
0x00007ffcd644e1db:   45 39 b1 80 00 00 00 0f 86 7f 00 00 00 4c 89 7c
0x00007ffcd644e1eb:   24 48 41 bf 00 01 00 00 44 8b d7 4b 63 44 93 50 


Stack slot to memory mapping:
stack at sp + 0 slots: 0x0 is NULL
stack at sp + 1 slots: 0x000001a2423d1800 points into unknown readable memory: c0 0c 3d 42 a2 01 00 00
stack at sp + 2 slots: 0x0 is NULL
stack at sp + 3 slots: 0x000001a2423d0000 points into unknown readable memory: 00 00 00 00 00 00 00 00
stack at sp + 4 slots: 0x000001a29304cbf0 points into unknown readable memory: 20 56 56 d7 fc 7f 00 00
stack at sp + 5 slots: 0x00007ffcd64cfbde atio6axx.dll
stack at sp + 6 slots: 0x0000000000000140 is an unknown value
stack at sp + 7 slots: 0x000001a2423d0cc0 points into unknown readable memory: 01 00 39 05 00 00 00 00


---------------  P R O C E S S  ---------------

Threads class SMR info:
_java_thread_list=0x000001a272065cc0, length=31, elements={
0x000001a267a6d000, 0x000001a267a6e000, 0x000001a267a87800, 0x000001a268312000,
0x000001a268314000, 0x000001a268315000, 0x000001a268384000, 0x000001a2683a1000,
0x000001a267a4b000, 0x000001a2684eb800, 0x000001a2684ec800, 0x000001a268cce000,
0x000001a2689fd800, 0x000001a2689fe800, 0x000001a26d94f800, 0x000001a26da83800,
0x000001a26d965800, 0x000001a26d955000, 0x000001a26d962800, 0x000001a272282000,
0x000001a272281000, 0x000001a272282800, 0x000001a272283800, 0x000001a27210b000,
0x000001a272108000, 0x000001a272105800, 0x000001a272107000, 0x000001a272108800,
0x000001a27210c000, 0x000001a272109800, 0x000001a27210a800
}

Java Threads: ( => current thread )
  0x000001a267a6d000 JavaThread "Reference Handler" daemon [_thread_blocked, id=16932, stack(0x0000000e9e500000,0x0000000e9e600000)]
  0x000001a267a6e000 JavaThread "Finalizer" daemon [_thread_blocked, id=360, stack(0x0000000e9e600000,0x0000000e9e700000)]
  0x000001a267a87800 JavaThread "Signal Dispatcher" daemon [_thread_blocked, id=13696, stack(0x0000000e9e700000,0x0000000e9e800000)]
  0x000001a268312000 JavaThread "Attach Listener" daemon [_thread_blocked, id=12500, stack(0x0000000e9e800000,0x0000000e9e900000)]
  0x000001a268314000 JavaThread "Service Thread" daemon [_thread_blocked, id=8400, stack(0x0000000e9e900000,0x0000000e9ea00000)]
  0x000001a268315000 JavaThread "C2 CompilerThread0" daemon [_thread_blocked, id=8856, stack(0x0000000e9ea00000,0x0000000e9eb00000)]
  0x000001a268384000 JavaThread "C1 CompilerThread0" daemon [_thread_blocked, id=3188, stack(0x0000000e9eb00000,0x0000000e9ec00000)]
  0x000001a2683a1000 JavaThread "Sweeper thread" daemon [_thread_blocked, id=3196, stack(0x0000000e9ec00000,0x0000000e9ed00000)]
  0x000001a267a4b000 JavaThread "Common-Cleaner" daemon [_thread_blocked, id=7688, stack(0x0000000e9ed00000,0x0000000e9ee00000)]
  0x000001a2684eb800 JavaThread "Monitor Ctrl-Break" daemon [_thread_in_native, id=13476, stack(0x0000000e9ef00000,0x0000000e9f000000)]
  0x000001a2684ec800 JavaThread "Notification Thread" daemon [_thread_blocked, id=1920, stack(0x0000000e9f000000,0x0000000e9f100000)]
  0x000001a268cce000 JavaThread "Java2D Disposer" daemon [_thread_blocked, id=12096, stack(0x0000000e9f200000,0x0000000e9f300000)]
  0x000001a2689fd800 JavaThread "AWT-Shutdown" [_thread_blocked, id=13268, stack(0x0000000e9f300000,0x0000000e9f400000)]
  0x000001a2689fe800 JavaThread "AWT-Windows" daemon [_thread_in_native, id=10404, stack(0x0000000e9f400000,0x0000000e9f500000)]
  0x000001a26d94f800 JavaThread "J3D-RenderingAttributesStructureUpdateThread" [_thread_blocked, id=13564, stack(0x0000000ea0100000,0x0000000ea0200000)]
  0x000001a26da83800 JavaThread "J3D-TimerThread" [_thread_blocked, id=15700, stack(0x0000000ea0200000,0x0000000ea0300000)]
  0x000001a26d965800 JavaThread "J3D-NotificationThread" [_thread_blocked, id=8368, stack(0x0000000ea0300000,0x0000000ea0400000)]
  0x000001a26d955000 JavaThread "J3D-MasterControl-1" [_thread_blocked, id=14492, stack(0x0000000ea0400000,0x0000000ea0500000)]
=>0x000001a26d962800 JavaThread "J3D-Renderer-1" [_thread_in_native, id=12856, stack(0x0000000ea0500000,0x0000000ea0600000)]
  0x000001a272282000 JavaThread "AWT-EventQueue-0" [_thread_blocked, id=7232, stack(0x0000000ea0700000,0x0000000ea0800000)]
  0x000001a272281000 JavaThread "D3D Screen Updater" daemon [_thread_blocked, id=14636, stack(0x0000000ea0b00000,0x0000000ea0c00000)]
  0x000001a272282800 JavaThread "J3D-BehaviorStructureUpdateThread-1" [_thread_blocked, id=15796, stack(0x0000000ea0c00000,0x0000000ea0d00000)]
  0x000001a272283800 JavaThread "J3D-GeometryStructureUpdateThread-1" [_thread_blocked, id=6464, stack(0x0000000ea0d00000,0x0000000ea0e00000)]
  0x000001a27210b000 JavaThread "J3D-SoundStructureUpdateThread-1" [_thread_blocked, id=16808, stack(0x0000000ea0e00000,0x0000000ea0f00000)]
  0x000001a272108000 JavaThread "J3D-RenderingEnvironmentStructureUpdateThread-1" [_thread_blocked, id=11944, stack(0x0000000ea0f00000,0x0000000ea1000000)]
  0x000001a272105800 JavaThread "J3D-TransformStructureUpdateThread-1" [_thread_blocked, id=16632, stack(0x0000000ea1000000,0x0000000ea1100000)]
  0x000001a272107000 JavaThread "J3D-BehaviorScheduler-1" [_thread_blocked, id=10272, stack(0x0000000ea1100000,0x0000000ea1200000)]
  0x000001a272108800 JavaThread "J3D-RenderStructureUpdateThread-1" [_thread_blocked, id=16264, stack(0x0000000ea1200000,0x0000000ea1300000)]
  0x000001a27210c000 JavaThread "J3D-SoundSchedulerUpdateThread-1" [_thread_blocked, id=10092, stack(0x0000000ea1300000,0x0000000ea1400000)]
  0x000001a272109800 JavaThread "J3D-InputDeviceScheduler-1" [_thread_blocked, id=10480, stack(0x0000000ea1400000,0x0000000ea1500000)]
  0x000001a27210a800 JavaThread "DestroyJavaVM" [_thread_blocked, id=9472, stack(0x0000000e9de00000,0x0000000e9df00000)]

Other Threads:
  0x000001a267a63800 VMThread "VM Thread" [stack: 0x0000000e9e400000,0x0000000e9e500000] [id=11408]
  0x000001a2684ed000 WatcherThread [stack: 0x0000000e9f100000,0x0000000e9f200000] [id=6172]
  0x000001a2446a1000 GCTaskThread "GC Thread#0" [stack: 0x0000000e9df00000,0x0000000e9e000000] [id=4272]
  0x000001a27229e000 GCTaskThread "GC Thread#1" [stack: 0x0000000ea0800000,0x0000000ea0900000] [id=4260]
  0x000001a26d94e000 GCTaskThread "GC Thread#2" [stack: 0x0000000ea0900000,0x0000000ea0a00000] [id=12240]
  0x000001a271fa3800 GCTaskThread "GC Thread#3" [stack: 0x0000000ea0a00000,0x0000000ea0b00000] [id=15776]
  0x000001a2446c3800 ConcurrentGCThread "G1 Main Marker" [stack: 0x0000000e9e000000,0x0000000e9e100000] [id=16572]
  0x000001a2446c6800 ConcurrentGCThread "G1 Conc#0" [stack: 0x0000000e9e100000,0x0000000e9e200000] [id=1408]
  0x000001a267951000 ConcurrentGCThread "G1 Refine#0" [stack: 0x0000000e9e200000,0x0000000e9e300000] [id=11828]
  0x000001a267952000 ConcurrentGCThread "G1 Young RemSet Sampling" [stack: 0x0000000e9e300000,0x0000000e9e400000] [id=16684]

Threads with active compile tasks:

VM state:not at safepoint (normal execution)

VM Mutex/Monitor currently owned by a thread: None

Heap address: 0x0000000701200000, size: 4078 MB, Compressed Oops mode: Zero based, Oop shift amount: 3
Narrow klass base: 0x0000000800000000, Narrow klass shift: 3
Compressed class space size: 1073741824 Address: 0x0000000800b30000

Heap:
 garbage-first heap   total 262144K, used 13244K [0x0000000701200000, 0x0000000800000000)
  region size 1024K, 11 young (11264K), 2 survivors (2048K)
 Metaspace       used 13283K, capacity 13582K, committed 13824K, reserved 1060864K
  class space    used 1329K, capacity 1428K, committed 1536K, reserved 1048576K
Heap Regions: E=young(eden), S=young(survivor), O=old, HS=humongous(starts), HC=humongous(continues), CS=collection set, F=free, OA=open archive, CA=closed archive, TAMS=top-at-mark-start (previous, next)
|   0|0x0000000701200000, 0x00000007012ef200, 0x0000000701300000| 93%| O|  |TAMS 0x0000000701200000, 0x0000000701200000| Untracked 
|   1|0x0000000701300000, 0x0000000701400000, 0x0000000701400000|100%|HS|  |TAMS 0x0000000701300000, 0x0000000701300000| Complete 
|   2|0x0000000701400000, 0x0000000701500000, 0x0000000701500000|100%|HS|  |TAMS 0x0000000701400000, 0x0000000701400000| Complete 
|   3|0x0000000701500000, 0x0000000701500000, 0x0000000701600000|  0%| F|  |TAMS 0x0000000701500000, 0x0000000701500000| Untracked 
|   4|0x0000000701600000, 0x0000000701600000, 0x0000000701700000|  0%| F|  |TAMS 0x0000000701600000, 0x0000000701600000| Untracked 
|   5|0x0000000701700000, 0x0000000701700000, 0x0000000701800000|  0%| F|  |TAMS 0x0000000701700000, 0x0000000701700000| Untracked 
|   6|0x0000000701800000, 0x0000000701800000, 0x0000000701900000|  0%| F|  |TAMS 0x0000000701800000, 0x0000000701800000| Untracked 
|   7|0x0000000701900000, 0x0000000701900000, 0x0000000701a00000|  0%| F|  |TAMS 0x0000000701900000, 0x0000000701900000| Untracked 
|   8|0x0000000701a00000, 0x0000000701a00000, 0x0000000701b00000|  0%| F|  |TAMS 0x0000000701a00000, 0x0000000701a00000| Untracked 
|   9|0x0000000701b00000, 0x0000000701b00000, 0x0000000701c00000|  0%| F|  |TAMS 0x0000000701b00000, 0x0000000701b00000| Untracked 
|  10|0x0000000701c00000, 0x0000000701c00000, 0x0000000701d00000|  0%| F|  |TAMS 0x0000000701c00000, 0x0000000701c00000| Untracked 
|  11|0x0000000701d00000, 0x0000000701d00000, 0x0000000701e00000|  0%| F|  |TAMS 0x0000000701d00000, 0x0000000701d00000| Untracked 
|  12|0x0000000701e00000, 0x0000000701e00000, 0x0000000701f00000|  0%| F|  |TAMS 0x0000000701e00000, 0x0000000701e00000| Untracked 
|  13|0x0000000701f00000, 0x0000000701f00000, 0x0000000702000000|  0%| F|  |TAMS 0x0000000701f00000, 0x0000000701f00000| Untracked 
|  14|0x0000000702000000, 0x0000000702000000, 0x0000000702100000|  0%| F|  |TAMS 0x0000000702000000, 0x0000000702000000| Untracked 
|  15|0x0000000702100000, 0x0000000702100000, 0x0000000702200000|  0%| F|  |TAMS 0x0000000702100000, 0x0000000702100000| Untracked 
|  16|0x0000000702200000, 0x0000000702200000, 0x0000000702300000|  0%| F|  |TAMS 0x0000000702200000, 0x0000000702200000| Untracked 
|  17|0x0000000702300000, 0x0000000702300000, 0x0000000702400000|  0%| F|  |TAMS 0x0000000702300000, 0x0000000702300000| Untracked 
|  18|0x0000000702400000, 0x0000000702400000, 0x0000000702500000|  0%| F|  |TAMS 0x0000000702400000, 0x0000000702400000| Untracked 
|  19|0x0000000702500000, 0x0000000702500000, 0x0000000702600000|  0%| F|  |TAMS 0x0000000702500000, 0x0000000702500000| Untracked 
|  20|0x0000000702600000, 0x0000000702600000, 0x0000000702700000|  0%| F|  |TAMS 0x0000000702600000, 0x0000000702600000| Untracked 
|  21|0x0000000702700000, 0x0000000702700000, 0x0000000702800000|  0%| F|  |TAMS 0x0000000702700000, 0x0000000702700000| Untracked 
|  22|0x0000000702800000, 0x0000000702800000, 0x0000000702900000|  0%| F|  |TAMS 0x0000000702800000, 0x0000000702800000| Untracked 
|  23|0x0000000702900000, 0x0000000702900000, 0x0000000702a00000|  0%| F|  |TAMS 0x0000000702900000, 0x0000000702900000| Untracked 
|  24|0x0000000702a00000, 0x0000000702a00000, 0x0000000702b00000|  0%| F|  |TAMS 0x0000000702a00000, 0x0000000702a00000| Untracked 
|  25|0x0000000702b00000, 0x0000000702b00000, 0x0000000702c00000|  0%| F|  |TAMS 0x0000000702b00000, 0x0000000702b00000| Untracked 
|  26|0x0000000702c00000, 0x0000000702c00000, 0x0000000702d00000|  0%| F|  |TAMS 0x0000000702c00000, 0x0000000702c00000| Untracked 
|  27|0x0000000702d00000, 0x0000000702d00000, 0x0000000702e00000|  0%| F|  |TAMS 0x0000000702d00000, 0x0000000702d00000| Untracked 
|  28|0x0000000702e00000, 0x0000000702e00000, 0x0000000702f00000|  0%| F|  |TAMS 0x0000000702e00000, 0x0000000702e00000| Untracked 
|  29|0x0000000702f00000, 0x0000000702f00000, 0x0000000703000000|  0%| F|  |TAMS 0x0000000702f00000, 0x0000000702f00000| Untracked 
|  30|0x0000000703000000, 0x0000000703000000, 0x0000000703100000|  0%| F|  |TAMS 0x0000000703000000, 0x0000000703000000| Untracked 
|  31|0x0000000703100000, 0x0000000703100000, 0x0000000703200000|  0%| F|  |TAMS 0x0000000703100000, 0x0000000703100000| Untracked 
|  32|0x0000000703200000, 0x0000000703200000, 0x0000000703300000|  0%| F|  |TAMS 0x0000000703200000, 0x0000000703200000| Untracked 
|  33|0x0000000703300000, 0x0000000703300000, 0x0000000703400000|  0%| F|  |TAMS 0x0000000703300000, 0x0000000703300000| Untracked 
|  34|0x0000000703400000, 0x0000000703400000, 0x0000000703500000|  0%| F|  |TAMS 0x0000000703400000, 0x0000000703400000| Untracked 
|  35|0x0000000703500000, 0x0000000703500000, 0x0000000703600000|  0%| F|  |TAMS 0x0000000703500000, 0x0000000703500000| Untracked 
|  36|0x0000000703600000, 0x0000000703600000, 0x0000000703700000|  0%| F|  |TAMS 0x0000000703600000, 0x0000000703600000| Untracked 
|  37|0x0000000703700000, 0x0000000703700000, 0x0000000703800000|  0%| F|  |TAMS 0x0000000703700000, 0x0000000703700000| Untracked 
|  38|0x0000000703800000, 0x0000000703800000, 0x0000000703900000|  0%| F|  |TAMS 0x0000000703800000, 0x0000000703800000| Untracked 
|  39|0x0000000703900000, 0x0000000703900000, 0x0000000703a00000|  0%| F|  |TAMS 0x0000000703900000, 0x0000000703900000| Untracked 
|  40|0x0000000703a00000, 0x0000000703a00000, 0x0000000703b00000|  0%| F|  |TAMS 0x0000000703a00000, 0x0000000703a00000| Untracked 
|  41|0x0000000703b00000, 0x0000000703b00000, 0x0000000703c00000|  0%| F|  |TAMS 0x0000000703b00000, 0x0000000703b00000| Untracked 
|  42|0x0000000703c00000, 0x0000000703c00000, 0x0000000703d00000|  0%| F|  |TAMS 0x0000000703c00000, 0x0000000703c00000| Untracked 
|  43|0x0000000703d00000, 0x0000000703d00000, 0x0000000703e00000|  0%| F|  |TAMS 0x0000000703d00000, 0x0000000703d00000| Untracked 
|  44|0x0000000703e00000, 0x0000000703e00000, 0x0000000703f00000|  0%| F|  |TAMS 0x0000000703e00000, 0x0000000703e00000| Untracked 
|  45|0x0000000703f00000, 0x0000000703f00000, 0x0000000704000000|  0%| F|  |TAMS 0x0000000703f00000, 0x0000000703f00000| Untracked 
|  46|0x0000000704000000, 0x0000000704000000, 0x0000000704100000|  0%| F|  |TAMS 0x0000000704000000, 0x0000000704000000| Untracked 
|  47|0x0000000704100000, 0x0000000704100000, 0x0000000704200000|  0%| F|  |TAMS 0x0000000704100000, 0x0000000704100000| Untracked 
|  48|0x0000000704200000, 0x0000000704200000, 0x0000000704300000|  0%| F|  |TAMS 0x0000000704200000, 0x0000000704200000| Untracked 
|  49|0x0000000704300000, 0x0000000704300000, 0x0000000704400000|  0%| F|  |TAMS 0x0000000704300000, 0x0000000704300000| Untracked 
|  50|0x0000000704400000, 0x0000000704400000, 0x0000000704500000|  0%| F|  |TAMS 0x0000000704400000, 0x0000000704400000| Untracked 
|  51|0x0000000704500000, 0x0000000704500000, 0x0000000704600000|  0%| F|  |TAMS 0x0000000704500000, 0x0000000704500000| Untracked 
|  52|0x0000000704600000, 0x0000000704600000, 0x0000000704700000|  0%| F|  |TAMS 0x0000000704600000, 0x0000000704600000| Untracked 
|  53|0x0000000704700000, 0x0000000704700000, 0x0000000704800000|  0%| F|  |TAMS 0x0000000704700000, 0x0000000704700000| Untracked 
|  54|0x0000000704800000, 0x0000000704800000, 0x0000000704900000|  0%| F|  |TAMS 0x0000000704800000, 0x0000000704800000| Untracked 
|  55|0x0000000704900000, 0x0000000704900000, 0x0000000704a00000|  0%| F|  |TAMS 0x0000000704900000, 0x0000000704900000| Untracked 
|  56|0x0000000704a00000, 0x0000000704a00000, 0x0000000704b00000|  0%| F|  |TAMS 0x0000000704a00000, 0x0000000704a00000| Untracked 
|  57|0x0000000704b00000, 0x0000000704b00000, 0x0000000704c00000|  0%| F|  |TAMS 0x0000000704b00000, 0x0000000704b00000| Untracked 
|  58|0x0000000704c00000, 0x0000000704c00000, 0x0000000704d00000|  0%| F|  |TAMS 0x0000000704c00000, 0x0000000704c00000| Untracked 
|  59|0x0000000704d00000, 0x0000000704d00000, 0x0000000704e00000|  0%| F|  |TAMS 0x0000000704d00000, 0x0000000704d00000| Untracked 
|  60|0x0000000704e00000, 0x0000000704e00000, 0x0000000704f00000|  0%| F|  |TAMS 0x0000000704e00000, 0x0000000704e00000| Untracked 
|  61|0x0000000704f00000, 0x0000000704f00000, 0x0000000705000000|  0%| F|  |TAMS 0x0000000704f00000, 0x0000000704f00000| Untracked 
|  62|0x0000000705000000, 0x0000000705000000, 0x0000000705100000|  0%| F|  |TAMS 0x0000000705000000, 0x0000000705000000| Untracked 
|  63|0x0000000705100000, 0x0000000705100000, 0x0000000705200000|  0%| F|  |TAMS 0x0000000705100000, 0x0000000705100000| Untracked 
|  64|0x0000000705200000, 0x0000000705200000, 0x0000000705300000|  0%| F|  |TAMS 0x0000000705200000, 0x0000000705200000| Untracked 
|  65|0x0000000705300000, 0x0000000705300000, 0x0000000705400000|  0%| F|  |TAMS 0x0000000705300000, 0x0000000705300000| Untracked 
|  66|0x0000000705400000, 0x0000000705400000, 0x0000000705500000|  0%| F|  |TAMS 0x0000000705400000, 0x0000000705400000| Untracked 
|  67|0x0000000705500000, 0x0000000705500000, 0x0000000705600000|  0%| F|  |TAMS 0x0000000705500000, 0x0000000705500000| Untracked 
|  68|0x0000000705600000, 0x0000000705600000, 0x0000000705700000|  0%| F|  |TAMS 0x0000000705600000, 0x0000000705600000| Untracked 
|  69|0x0000000705700000, 0x0000000705700000, 0x0000000705800000|  0%| F|  |TAMS 0x0000000705700000, 0x0000000705700000| Untracked 
|  70|0x0000000705800000, 0x0000000705800000, 0x0000000705900000|  0%| F|  |TAMS 0x0000000705800000, 0x0000000705800000| Untracked 
|  71|0x0000000705900000, 0x0000000705900000, 0x0000000705a00000|  0%| F|  |TAMS 0x0000000705900000, 0x0000000705900000| Untracked 
|  72|0x0000000705a00000, 0x0000000705a00000, 0x0000000705b00000|  0%| F|  |TAMS 0x0000000705a00000, 0x0000000705a00000| Untracked 
|  73|0x0000000705b00000, 0x0000000705b00000, 0x0000000705c00000|  0%| F|  |TAMS 0x0000000705b00000, 0x0000000705b00000| Untracked 
|  74|0x0000000705c00000, 0x0000000705c00000, 0x0000000705d00000|  0%| F|  |TAMS 0x0000000705c00000, 0x0000000705c00000| Untracked 
|  75|0x0000000705d00000, 0x0000000705d00000, 0x0000000705e00000|  0%| F|  |TAMS 0x0000000705d00000, 0x0000000705d00000| Untracked 
|  76|0x0000000705e00000, 0x0000000705e00000, 0x0000000705f00000|  0%| F|  |TAMS 0x0000000705e00000, 0x0000000705e00000| Untracked 
|  77|0x0000000705f00000, 0x0000000705f00000, 0x0000000706000000|  0%| F|  |TAMS 0x0000000705f00000, 0x0000000705f00000| Untracked 
|  78|0x0000000706000000, 0x0000000706000000, 0x0000000706100000|  0%| F|  |TAMS 0x0000000706000000, 0x0000000706000000| Untracked 
|  79|0x0000000706100000, 0x0000000706100000, 0x0000000706200000|  0%| F|  |TAMS 0x0000000706100000, 0x0000000706100000| Untracked 
|  80|0x0000000706200000, 0x0000000706200000, 0x0000000706300000|  0%| F|  |TAMS 0x0000000706200000, 0x0000000706200000| Untracked 
|  81|0x0000000706300000, 0x0000000706300000, 0x0000000706400000|  0%| F|  |TAMS 0x0000000706300000, 0x0000000706300000| Untracked 
|  82|0x0000000706400000, 0x0000000706400000, 0x0000000706500000|  0%| F|  |TAMS 0x0000000706400000, 0x0000000706400000| Untracked 
|  83|0x0000000706500000, 0x0000000706500000, 0x0000000706600000|  0%| F|  |TAMS 0x0000000706500000, 0x0000000706500000| Untracked 
|  84|0x0000000706600000, 0x0000000706600000, 0x0000000706700000|  0%| F|  |TAMS 0x0000000706600000, 0x0000000706600000| Untracked 
|  85|0x0000000706700000, 0x0000000706700000, 0x0000000706800000|  0%| F|  |TAMS 0x0000000706700000, 0x0000000706700000| Untracked 
|  86|0x0000000706800000, 0x0000000706800000, 0x0000000706900000|  0%| F|  |TAMS 0x0000000706800000, 0x0000000706800000| Untracked 
|  87|0x0000000706900000, 0x0000000706900000, 0x0000000706a00000|  0%| F|  |TAMS 0x0000000706900000, 0x0000000706900000| Untracked 
|  88|0x0000000706a00000, 0x0000000706a00000, 0x0000000706b00000|  0%| F|  |TAMS 0x0000000706a00000, 0x0000000706a00000| Untracked 
|  89|0x0000000706b00000, 0x0000000706b00000, 0x0000000706c00000|  0%| F|  |TAMS 0x0000000706b00000, 0x0000000706b00000| Untracked 
|  90|0x0000000706c00000, 0x0000000706c00000, 0x0000000706d00000|  0%| F|  |TAMS 0x0000000706c00000, 0x0000000706c00000| Untracked 
|  91|0x0000000706d00000, 0x0000000706d00000, 0x0000000706e00000|  0%| F|  |TAMS 0x0000000706d00000, 0x0000000706d00000| Untracked 
|  92|0x0000000706e00000, 0x0000000706e00000, 0x0000000706f00000|  0%| F|  |TAMS 0x0000000706e00000, 0x0000000706e00000| Untracked 
|  93|0x0000000706f00000, 0x0000000706f00000, 0x0000000707000000|  0%| F|  |TAMS 0x0000000706f00000, 0x0000000706f00000| Untracked 
|  94|0x0000000707000000, 0x0000000707000000, 0x0000000707100000|  0%| F|  |TAMS 0x0000000707000000, 0x0000000707000000| Untracked 
|  95|0x0000000707100000, 0x0000000707100000, 0x0000000707200000|  0%| F|  |TAMS 0x0000000707100000, 0x0000000707100000| Untracked 
|  96|0x0000000707200000, 0x0000000707200000, 0x0000000707300000|  0%| F|  |TAMS 0x0000000707200000, 0x0000000707200000| Untracked 
|  97|0x0000000707300000, 0x0000000707300000, 0x0000000707400000|  0%| F|  |TAMS 0x0000000707300000, 0x0000000707300000| Untracked 
|  98|0x0000000707400000, 0x0000000707400000, 0x0000000707500000|  0%| F|  |TAMS 0x0000000707400000, 0x0000000707400000| Untracked 
|  99|0x0000000707500000, 0x0000000707500000, 0x0000000707600000|  0%| F|  |TAMS 0x0000000707500000, 0x0000000707500000| Untracked 
| 100|0x0000000707600000, 0x0000000707600000, 0x0000000707700000|  0%| F|  |TAMS 0x0000000707600000, 0x0000000707600000| Untracked 
| 101|0x0000000707700000, 0x0000000707700000, 0x0000000707800000|  0%| F|  |TAMS 0x0000000707700000, 0x0000000707700000| Untracked 
| 102|0x0000000707800000, 0x0000000707800000, 0x0000000707900000|  0%| F|  |TAMS 0x0000000707800000, 0x0000000707800000| Untracked 
| 103|0x0000000707900000, 0x0000000707900000, 0x0000000707a00000|  0%| F|  |TAMS 0x0000000707900000, 0x0000000707900000| Untracked 
| 104|0x0000000707a00000, 0x0000000707a00000, 0x0000000707b00000|  0%| F|  |TAMS 0x0000000707a00000, 0x0000000707a00000| Untracked 
| 105|0x0000000707b00000, 0x0000000707b00000, 0x0000000707c00000|  0%| F|  |TAMS 0x0000000707b00000, 0x0000000707b00000| Untracked 
| 106|0x0000000707c00000, 0x0000000707c00000, 0x0000000707d00000|  0%| F|  |TAMS 0x0000000707c00000, 0x0000000707c00000| Untracked 
| 107|0x0000000707d00000, 0x0000000707d00000, 0x0000000707e00000|  0%| F|  |TAMS 0x0000000707d00000, 0x0000000707d00000| Untracked 
| 108|0x0000000707e00000, 0x0000000707e00000, 0x0000000707f00000|  0%| F|  |TAMS 0x0000000707e00000, 0x0000000707e00000| Untracked 
| 109|0x0000000707f00000, 0x0000000707f00000, 0x0000000708000000|  0%| F|  |TAMS 0x0000000707f00000, 0x0000000707f00000| Untracked 
| 110|0x0000000708000000, 0x0000000708000000, 0x0000000708100000|  0%| F|  |TAMS 0x0000000708000000, 0x0000000708000000| Untracked 
| 111|0x0000000708100000, 0x0000000708100000, 0x0000000708200000|  0%| F|  |TAMS 0x0000000708100000, 0x0000000708100000| Untracked 
| 112|0x0000000708200000, 0x0000000708200000, 0x0000000708300000|  0%| F|  |TAMS 0x0000000708200000, 0x0000000708200000| Untracked 
| 113|0x0000000708300000, 0x0000000708300000, 0x0000000708400000|  0%| F|  |TAMS 0x0000000708300000, 0x0000000708300000| Untracked 
| 114|0x0000000708400000, 0x0000000708400000, 0x0000000708500000|  0%| F|  |TAMS 0x0000000708400000, 0x0000000708400000| Untracked 
| 115|0x0000000708500000, 0x0000000708500000, 0x0000000708600000|  0%| F|  |TAMS 0x0000000708500000, 0x0000000708500000| Untracked 
| 116|0x0000000708600000, 0x0000000708600000, 0x0000000708700000|  0%| F|  |TAMS 0x0000000708600000, 0x0000000708600000| Untracked 
| 117|0x0000000708700000, 0x0000000708700000, 0x0000000708800000|  0%| F|  |TAMS 0x0000000708700000, 0x0000000708700000| Untracked 
| 118|0x0000000708800000, 0x0000000708800000, 0x0000000708900000|  0%| F|  |TAMS 0x0000000708800000, 0x0000000708800000| Untracked 
| 119|0x0000000708900000, 0x0000000708900000, 0x0000000708a00000|  0%| F|  |TAMS 0x0000000708900000, 0x0000000708900000| Untracked 
| 120|0x0000000708a00000, 0x0000000708a00000, 0x0000000708b00000|  0%| F|  |TAMS 0x0000000708a00000, 0x0000000708a00000| Untracked 
| 121|0x0000000708b00000, 0x0000000708b00000, 0x0000000708c00000|  0%| F|  |TAMS 0x0000000708b00000, 0x0000000708b00000| Untracked 
| 122|0x0000000708c00000, 0x0000000708c00000, 0x0000000708d00000|  0%| F|  |TAMS 0x0000000708c00000, 0x0000000708c00000| Untracked 
| 123|0x0000000708d00000, 0x0000000708d00000, 0x0000000708e00000|  0%| F|  |TAMS 0x0000000708d00000, 0x0000000708d00000| Untracked 
| 124|0x0000000708e00000, 0x0000000708e00000, 0x0000000708f00000|  0%| F|  |TAMS 0x0000000708e00000, 0x0000000708e00000| Untracked 
| 125|0x0000000708f00000, 0x0000000708f00000, 0x0000000709000000|  0%| F|  |TAMS 0x0000000708f00000, 0x0000000708f00000| Untracked 
| 126|0x0000000709000000, 0x0000000709000000, 0x0000000709100000|  0%| F|  |TAMS 0x0000000709000000, 0x0000000709000000| Untracked 
| 127|0x0000000709100000, 0x0000000709100000, 0x0000000709200000|  0%| F|  |TAMS 0x0000000709100000, 0x0000000709100000| Untracked 
| 128|0x0000000709200000, 0x0000000709200000, 0x0000000709300000|  0%| F|  |TAMS 0x0000000709200000, 0x0000000709200000| Untracked 
| 129|0x0000000709300000, 0x0000000709300000, 0x0000000709400000|  0%| F|  |TAMS 0x0000000709300000, 0x0000000709300000| Untracked 
| 130|0x0000000709400000, 0x0000000709400000, 0x0000000709500000|  0%| F|  |TAMS 0x0000000709400000, 0x0000000709400000| Untracked 
| 131|0x0000000709500000, 0x0000000709500000, 0x0000000709600000|  0%| F|  |TAMS 0x0000000709500000, 0x0000000709500000| Untracked 
| 132|0x0000000709600000, 0x0000000709600000, 0x0000000709700000|  0%| F|  |TAMS 0x0000000709600000, 0x0000000709600000| Untracked 
| 133|0x0000000709700000, 0x0000000709700000, 0x0000000709800000|  0%| F|  |TAMS 0x0000000709700000, 0x0000000709700000| Untracked 
| 134|0x0000000709800000, 0x0000000709800000, 0x0000000709900000|  0%| F|  |TAMS 0x0000000709800000, 0x0000000709800000| Untracked 
| 135|0x0000000709900000, 0x0000000709900000, 0x0000000709a00000|  0%| F|  |TAMS 0x0000000709900000, 0x0000000709900000| Untracked 
| 136|0x0000000709a00000, 0x0000000709a00000, 0x0000000709b00000|  0%| F|  |TAMS 0x0000000709a00000, 0x0000000709a00000| Untracked 
| 137|0x0000000709b00000, 0x0000000709b00000, 0x0000000709c00000|  0%| F|  |TAMS 0x0000000709b00000, 0x0000000709b00000| Untracked 
| 138|0x0000000709c00000, 0x0000000709c00000, 0x0000000709d00000|  0%| F|  |TAMS 0x0000000709c00000, 0x0000000709c00000| Untracked 
| 139|0x0000000709d00000, 0x0000000709d00000, 0x0000000709e00000|  0%| F|  |TAMS 0x0000000709d00000, 0x0000000709d00000| Untracked 
| 140|0x0000000709e00000, 0x0000000709e00000, 0x0000000709f00000|  0%| F|  |TAMS 0x0000000709e00000, 0x0000000709e00000| Untracked 
| 141|0x0000000709f00000, 0x0000000709f00000, 0x000000070a000000|  0%| F|  |TAMS 0x0000000709f00000, 0x0000000709f00000| Untracked 
| 142|0x000000070a000000, 0x000000070a000000, 0x000000070a100000|  0%| F|  |TAMS 0x000000070a000000, 0x000000070a000000| Untracked 
| 143|0x000000070a100000, 0x000000070a100000, 0x000000070a200000|  0%| F|  |TAMS 0x000000070a100000, 0x000000070a100000| Untracked 
| 144|0x000000070a200000, 0x000000070a200000, 0x000000070a300000|  0%| F|  |TAMS 0x000000070a200000, 0x000000070a200000| Untracked 
| 145|0x000000070a300000, 0x000000070a300000, 0x000000070a400000|  0%| F|  |TAMS 0x000000070a300000, 0x000000070a300000| Untracked 
| 146|0x000000070a400000, 0x000000070a400000, 0x000000070a500000|  0%| F|  |TAMS 0x000000070a400000, 0x000000070a400000| Untracked 
| 147|0x000000070a500000, 0x000000070a500000, 0x000000070a600000|  0%| F|  |TAMS 0x000000070a500000, 0x000000070a500000| Untracked 
| 148|0x000000070a600000, 0x000000070a600000, 0x000000070a700000|  0%| F|  |TAMS 0x000000070a600000, 0x000000070a600000| Untracked 
| 149|0x000000070a700000, 0x000000070a700000, 0x000000070a800000|  0%| F|  |TAMS 0x000000070a700000, 0x000000070a700000| Untracked 
| 150|0x000000070a800000, 0x000000070a800000, 0x000000070a900000|  0%| F|  |TAMS 0x000000070a800000, 0x000000070a800000| Untracked 
| 151|0x000000070a900000, 0x000000070a900000, 0x000000070aa00000|  0%| F|  |TAMS 0x000000070a900000, 0x000000070a900000| Untracked 
| 152|0x000000070aa00000, 0x000000070aa00000, 0x000000070ab00000|  0%| F|  |TAMS 0x000000070aa00000, 0x000000070aa00000| Untracked 
| 153|0x000000070ab00000, 0x000000070ab00000, 0x000000070ac00000|  0%| F|  |TAMS 0x000000070ab00000, 0x000000070ab00000| Untracked 
| 154|0x000000070ac00000, 0x000000070ac00000, 0x000000070ad00000|  0%| F|  |TAMS 0x000000070ac00000, 0x000000070ac00000| Untracked 
| 155|0x000000070ad00000, 0x000000070ad00000, 0x000000070ae00000|  0%| F|  |TAMS 0x000000070ad00000, 0x000000070ad00000| Untracked 
| 156|0x000000070ae00000, 0x000000070ae00000, 0x000000070af00000|  0%| F|  |TAMS 0x000000070ae00000, 0x000000070ae00000| Untracked 
| 157|0x000000070af00000, 0x000000070af00000, 0x000000070b000000|  0%| F|  |TAMS 0x000000070af00000, 0x000000070af00000| Untracked 
| 158|0x000000070b000000, 0x000000070b000000, 0x000000070b100000|  0%| F|  |TAMS 0x000000070b000000, 0x000000070b000000| Untracked 
| 159|0x000000070b100000, 0x000000070b100000, 0x000000070b200000|  0%| F|  |TAMS 0x000000070b100000, 0x000000070b100000| Untracked 
| 160|0x000000070b200000, 0x000000070b200000, 0x000000070b300000|  0%| F|  |TAMS 0x000000070b200000, 0x000000070b200000| Untracked 
| 161|0x000000070b300000, 0x000000070b300000, 0x000000070b400000|  0%| F|  |TAMS 0x000000070b300000, 0x000000070b300000| Untracked 
| 162|0x000000070b400000, 0x000000070b400000, 0x000000070b500000|  0%| F|  |TAMS 0x000000070b400000, 0x000000070b400000| Untracked 
| 163|0x000000070b500000, 0x000000070b500000, 0x000000070b600000|  0%| F|  |TAMS 0x000000070b500000, 0x000000070b500000| Untracked 
| 164|0x000000070b600000, 0x000000070b600000, 0x000000070b700000|  0%| F|  |TAMS 0x000000070b600000, 0x000000070b600000| Untracked 
| 165|0x000000070b700000, 0x000000070b700000, 0x000000070b800000|  0%| F|  |TAMS 0x000000070b700000, 0x000000070b700000| Untracked 
| 166|0x000000070b800000, 0x000000070b800000, 0x000000070b900000|  0%| F|  |TAMS 0x000000070b800000, 0x000000070b800000| Untracked 
| 167|0x000000070b900000, 0x000000070b900000, 0x000000070ba00000|  0%| F|  |TAMS 0x000000070b900000, 0x000000070b900000| Untracked 
| 168|0x000000070ba00000, 0x000000070ba00000, 0x000000070bb00000|  0%| F|  |TAMS 0x000000070ba00000, 0x000000070ba00000| Untracked 
| 169|0x000000070bb00000, 0x000000070bb00000, 0x000000070bc00000|  0%| F|  |TAMS 0x000000070bb00000, 0x000000070bb00000| Untracked 
| 170|0x000000070bc00000, 0x000000070bc00000, 0x000000070bd00000|  0%| F|  |TAMS 0x000000070bc00000, 0x000000070bc00000| Untracked 
| 171|0x000000070bd00000, 0x000000070bd00000, 0x000000070be00000|  0%| F|  |TAMS 0x000000070bd00000, 0x000000070bd00000| Untracked 
| 172|0x000000070be00000, 0x000000070be00000, 0x000000070bf00000|  0%| F|  |TAMS 0x000000070be00000, 0x000000070be00000| Untracked 
| 173|0x000000070bf00000, 0x000000070bf00000, 0x000000070c000000|  0%| F|  |TAMS 0x000000070bf00000, 0x000000070bf00000| Untracked 
| 174|0x000000070c000000, 0x000000070c000000, 0x000000070c100000|  0%| F|  |TAMS 0x000000070c000000, 0x000000070c000000| Untracked 
| 175|0x000000070c100000, 0x000000070c100000, 0x000000070c200000|  0%| F|  |TAMS 0x000000070c100000, 0x000000070c100000| Untracked 
| 176|0x000000070c200000, 0x000000070c200000, 0x000000070c300000|  0%| F|  |TAMS 0x000000070c200000, 0x000000070c200000| Untracked 
| 177|0x000000070c300000, 0x000000070c300000, 0x000000070c400000|  0%| F|  |TAMS 0x000000070c300000, 0x000000070c300000| Untracked 
| 178|0x000000070c400000, 0x000000070c400000, 0x000000070c500000|  0%| F|  |TAMS 0x000000070c400000, 0x000000070c400000| Untracked 
| 179|0x000000070c500000, 0x000000070c500000, 0x000000070c600000|  0%| F|  |TAMS 0x000000070c500000, 0x000000070c500000| Untracked 
| 180|0x000000070c600000, 0x000000070c600000, 0x000000070c700000|  0%| F|  |TAMS 0x000000070c600000, 0x000000070c600000| Untracked 
| 181|0x000000070c700000, 0x000000070c700000, 0x000000070c800000|  0%| F|  |TAMS 0x000000070c700000, 0x000000070c700000| Untracked 
| 182|0x000000070c800000, 0x000000070c800000, 0x000000070c900000|  0%| F|  |TAMS 0x000000070c800000, 0x000000070c800000| Untracked 
| 183|0x000000070c900000, 0x000000070c900000, 0x000000070ca00000|  0%| F|  |TAMS 0x000000070c900000, 0x000000070c900000| Untracked 
| 184|0x000000070ca00000, 0x000000070ca00000, 0x000000070cb00000|  0%| F|  |TAMS 0x000000070ca00000, 0x000000070ca00000| Untracked 
| 185|0x000000070cb00000, 0x000000070cb00000, 0x000000070cc00000|  0%| F|  |TAMS 0x000000070cb00000, 0x000000070cb00000| Untracked 
| 186|0x000000070cc00000, 0x000000070cc00000, 0x000000070cd00000|  0%| F|  |TAMS 0x000000070cc00000, 0x000000070cc00000| Untracked 
| 187|0x000000070cd00000, 0x000000070cd00000, 0x000000070ce00000|  0%| F|  |TAMS 0x000000070cd00000, 0x000000070cd00000| Untracked 
| 188|0x000000070ce00000, 0x000000070ce00000, 0x000000070cf00000|  0%| F|  |TAMS 0x000000070ce00000, 0x000000070ce00000| Untracked 
| 189|0x000000070cf00000, 0x000000070cf00000, 0x000000070d000000|  0%| F|  |TAMS 0x000000070cf00000, 0x000000070cf00000| Untracked 
| 190|0x000000070d000000, 0x000000070d000000, 0x000000070d100000|  0%| F|  |TAMS 0x000000070d000000, 0x000000070d000000| Untracked 
| 191|0x000000070d100000, 0x000000070d100000, 0x000000070d200000|  0%| F|  |TAMS 0x000000070d100000, 0x000000070d100000| Untracked 
| 192|0x000000070d200000, 0x000000070d200000, 0x000000070d300000|  0%| F|  |TAMS 0x000000070d200000, 0x000000070d200000| Untracked 
| 193|0x000000070d300000, 0x000000070d300000, 0x000000070d400000|  0%| F|  |TAMS 0x000000070d300000, 0x000000070d300000| Untracked 
| 194|0x000000070d400000, 0x000000070d400000, 0x000000070d500000|  0%| F|  |TAMS 0x000000070d400000, 0x000000070d400000| Untracked 
| 195|0x000000070d500000, 0x000000070d500000, 0x000000070d600000|  0%| F|  |TAMS 0x000000070d500000, 0x000000070d500000| Untracked 
| 196|0x000000070d600000, 0x000000070d600000, 0x000000070d700000|  0%| F|  |TAMS 0x000000070d600000, 0x000000070d600000| Untracked 
| 197|0x000000070d700000, 0x000000070d700000, 0x000000070d800000|  0%| F|  |TAMS 0x000000070d700000, 0x000000070d700000| Untracked 
| 198|0x000000070d800000, 0x000000070d800000, 0x000000070d900000|  0%| F|  |TAMS 0x000000070d800000, 0x000000070d800000| Untracked 
| 199|0x000000070d900000, 0x000000070d900000, 0x000000070da00000|  0%| F|  |TAMS 0x000000070d900000, 0x000000070d900000| Untracked 
| 200|0x000000070da00000, 0x000000070da00000, 0x000000070db00000|  0%| F|  |TAMS 0x000000070da00000, 0x000000070da00000| Untracked 
| 201|0x000000070db00000, 0x000000070db00000, 0x000000070dc00000|  0%| F|  |TAMS 0x000000070db00000, 0x000000070db00000| Untracked 
| 202|0x000000070dc00000, 0x000000070dc00000, 0x000000070dd00000|  0%| F|  |TAMS 0x000000070dc00000, 0x000000070dc00000| Untracked 
| 203|0x000000070dd00000, 0x000000070dd00000, 0x000000070de00000|  0%| F|  |TAMS 0x000000070dd00000, 0x000000070dd00000| Untracked 
| 204|0x000000070de00000, 0x000000070de00000, 0x000000070df00000|  0%| F|  |TAMS 0x000000070de00000, 0x000000070de00000| Untracked 
| 205|0x000000070df00000, 0x000000070df00000, 0x000000070e000000|  0%| F|  |TAMS 0x000000070df00000, 0x000000070df00000| Untracked 
| 206|0x000000070e000000, 0x000000070e000000, 0x000000070e100000|  0%| F|  |TAMS 0x000000070e000000, 0x000000070e000000| Untracked 
| 207|0x000000070e100000, 0x000000070e100000, 0x000000070e200000|  0%| F|  |TAMS 0x000000070e100000, 0x000000070e100000| Untracked 
| 208|0x000000070e200000, 0x000000070e200000, 0x000000070e300000|  0%| F|  |TAMS 0x000000070e200000, 0x000000070e200000| Untracked 
| 209|0x000000070e300000, 0x000000070e300000, 0x000000070e400000|  0%| F|  |TAMS 0x000000070e300000, 0x000000070e300000| Untracked 
| 210|0x000000070e400000, 0x000000070e400000, 0x000000070e500000|  0%| F|  |TAMS 0x000000070e400000, 0x000000070e400000| Untracked 
| 211|0x000000070e500000, 0x000000070e500000, 0x000000070e600000|  0%| F|  |TAMS 0x000000070e500000, 0x000000070e500000| Untracked 
| 212|0x000000070e600000, 0x000000070e600000, 0x000000070e700000|  0%| F|  |TAMS 0x000000070e600000, 0x000000070e600000| Untracked 
| 213|0x000000070e700000, 0x000000070e700000, 0x000000070e800000|  0%| F|  |TAMS 0x000000070e700000, 0x000000070e700000| Untracked 
| 214|0x000000070e800000, 0x000000070e800000, 0x000000070e900000|  0%| F|  |TAMS 0x000000070e800000, 0x000000070e800000| Untracked 
| 215|0x000000070e900000, 0x000000070e900000, 0x000000070ea00000|  0%| F|  |TAMS 0x000000070e900000, 0x000000070e900000| Untracked 
| 216|0x000000070ea00000, 0x000000070ea00000, 0x000000070eb00000|  0%| F|  |TAMS 0x000000070ea00000, 0x000000070ea00000| Untracked 
| 217|0x000000070eb00000, 0x000000070eb00000, 0x000000070ec00000|  0%| F|  |TAMS 0x000000070eb00000, 0x000000070eb00000| Untracked 
| 218|0x000000070ec00000, 0x000000070ec00000, 0x000000070ed00000|  0%| F|  |TAMS 0x000000070ec00000, 0x000000070ec00000| Untracked 
| 219|0x000000070ed00000, 0x000000070ed00000, 0x000000070ee00000|  0%| F|  |TAMS 0x000000070ed00000, 0x000000070ed00000| Untracked 
| 220|0x000000070ee00000, 0x000000070ee00000, 0x000000070ef00000|  0%| F|  |TAMS 0x000000070ee00000, 0x000000070ee00000| Untracked 
| 221|0x000000070ef00000, 0x000000070ef00000, 0x000000070f000000|  0%| F|  |TAMS 0x000000070ef00000, 0x000000070ef00000| Untracked 
| 222|0x000000070f000000, 0x000000070f000000, 0x000000070f100000|  0%| F|  |TAMS 0x000000070f000000, 0x000000070f000000| Untracked 
| 223|0x000000070f100000, 0x000000070f100000, 0x000000070f200000|  0%| F|  |TAMS 0x000000070f100000, 0x000000070f100000| Untracked 
| 224|0x000000070f200000, 0x000000070f200000, 0x000000070f300000|  0%| F|  |TAMS 0x000000070f200000, 0x000000070f200000| Untracked 
| 225|0x000000070f300000, 0x000000070f300000, 0x000000070f400000|  0%| F|  |TAMS 0x000000070f300000, 0x000000070f300000| Untracked 
| 226|0x000000070f400000, 0x000000070f400000, 0x000000070f500000|  0%| F|  |TAMS 0x000000070f400000, 0x000000070f400000| Untracked 
| 227|0x000000070f500000, 0x000000070f500000, 0x000000070f600000|  0%| F|  |TAMS 0x000000070f500000, 0x000000070f500000| Untracked 
| 228|0x000000070f600000, 0x000000070f600000, 0x000000070f700000|  0%| F|  |TAMS 0x000000070f600000, 0x000000070f600000| Untracked 
| 229|0x000000070f700000, 0x000000070f700000, 0x000000070f800000|  0%| F|  |TAMS 0x000000070f700000, 0x000000070f700000| Untracked 
| 230|0x000000070f800000, 0x000000070f800000, 0x000000070f900000|  0%| F|  |TAMS 0x000000070f800000, 0x000000070f800000| Untracked 
| 231|0x000000070f900000, 0x000000070f900000, 0x000000070fa00000|  0%| F|  |TAMS 0x000000070f900000, 0x000000070f900000| Untracked 
| 232|0x000000070fa00000, 0x000000070fa00000, 0x000000070fb00000|  0%| F|  |TAMS 0x000000070fa00000, 0x000000070fa00000| Untracked 
| 233|0x000000070fb00000, 0x000000070fb00000, 0x000000070fc00000|  0%| F|  |TAMS 0x000000070fb00000, 0x000000070fb00000| Untracked 
| 234|0x000000070fc00000, 0x000000070fc00000, 0x000000070fd00000|  0%| F|  |TAMS 0x000000070fc00000, 0x000000070fc00000| Untracked 
| 235|0x000000070fd00000, 0x000000070fd00000, 0x000000070fe00000|  0%| F|  |TAMS 0x000000070fd00000, 0x000000070fd00000| Untracked 
| 236|0x000000070fe00000, 0x000000070fe00000, 0x000000070ff00000|  0%| F|  |TAMS 0x000000070fe00000, 0x000000070fe00000| Untracked 
| 237|0x000000070ff00000, 0x000000070ff00000, 0x0000000710000000|  0%| F|  |TAMS 0x000000070ff00000, 0x000000070ff00000| Untracked 
| 238|0x0000000710000000, 0x0000000710000000, 0x0000000710100000|  0%| F|  |TAMS 0x0000000710000000, 0x0000000710000000| Untracked 
| 239|0x0000000710100000, 0x0000000710100000, 0x0000000710200000|  0%| F|  |TAMS 0x0000000710100000, 0x0000000710100000| Untracked 
| 240|0x0000000710200000, 0x0000000710200000, 0x0000000710300000|  0%| F|  |TAMS 0x0000000710200000, 0x0000000710200000| Untracked 
| 241|0x0000000710300000, 0x0000000710400000, 0x0000000710400000|100%| S|CS|TAMS 0x0000000710300000, 0x0000000710300000| Complete 
| 242|0x0000000710400000, 0x0000000710500000, 0x0000000710500000|100%| S|CS|TAMS 0x0000000710400000, 0x0000000710400000| Complete 
| 243|0x0000000710500000, 0x0000000710500000, 0x0000000710600000|  0%| F|  |TAMS 0x0000000710500000, 0x0000000710500000| Untracked 
| 244|0x0000000710600000, 0x0000000710600000, 0x0000000710700000|  0%| F|  |TAMS 0x0000000710600000, 0x0000000710600000| Untracked 
| 245|0x0000000710700000, 0x0000000710700000, 0x0000000710800000|  0%| F|  |TAMS 0x0000000710700000, 0x0000000710700000| Untracked 
| 246|0x0000000710800000, 0x0000000710800000, 0x0000000710900000|  0%| F|  |TAMS 0x0000000710800000, 0x0000000710800000| Untracked 
| 247|0x0000000710900000, 0x00000007109b3c78, 0x0000000710a00000| 70%| E|  |TAMS 0x0000000710900000, 0x0000000710900000| Complete 
| 248|0x0000000710a00000, 0x0000000710b00000, 0x0000000710b00000|100%| E|CS|TAMS 0x0000000710a00000, 0x0000000710a00000| Complete 
| 249|0x0000000710b00000, 0x0000000710c00000, 0x0000000710c00000|100%| E|CS|TAMS 0x0000000710b00000, 0x0000000710b00000| Complete 
| 250|0x0000000710c00000, 0x0000000710d00000, 0x0000000710d00000|100%| E|CS|TAMS 0x0000000710c00000, 0x0000000710c00000| Complete 
| 251|0x0000000710d00000, 0x0000000710e00000, 0x0000000710e00000|100%| E|CS|TAMS 0x0000000710d00000, 0x0000000710d00000| Complete 
| 252|0x0000000710e00000, 0x0000000710f00000, 0x0000000710f00000|100%| E|CS|TAMS 0x0000000710e00000, 0x0000000710e00000| Complete 
| 253|0x0000000710f00000, 0x0000000711000000, 0x0000000711000000|100%| E|CS|TAMS 0x0000000710f00000, 0x0000000710f00000| Complete 
| 254|0x0000000711000000, 0x0000000711100000, 0x0000000711100000|100%| E|CS|TAMS 0x0000000711000000, 0x0000000711000000| Complete 
| 255|0x0000000711100000, 0x0000000711200000, 0x0000000711200000|100%| E|CS|TAMS 0x0000000711100000, 0x0000000711100000| Complete 

Card table byte_map: [0x000001a25c5e0000,0x000001a25cde0000] _byte_map_base: 0x000001a258dd7000

Marking Bits (Prev, Next): (CMBitMap*) 0x000001a2446a2c18, (CMBitMap*) 0x000001a2446a2c58
 Prev Bits: [0x000001a25d5e0000, 0x000001a261598000)
 Next Bits: [0x000001a2615a0000, 0x000001a265558000)

Polling page: 0x000001a242600000

Metaspace:

Usage:
  Non-class:     11.87 MB capacity,    11.67 MB ( 98%) used,   174.95 KB (  1%) free+waste,    25.75 KB ( <1%) overhead. 
      Class:      1.39 MB capacity,     1.30 MB ( 93%) used,    83.66 KB (  6%) free+waste,    14.50 KB (  1%) overhead. 
       Both:     13.26 MB capacity,    12.97 MB ( 98%) used,   258.60 KB (  2%) free+waste,    40.25 KB ( <1%) overhead. 

Virtual space:
  Non-class space:       12.00 MB reserved,      12.00 MB (100%) committed 
      Class space:        1.00 GB reserved,       1.50 MB ( <1%) committed 
             Both:        1.01 GB reserved,      13.50 MB (  1%) committed 

Chunk freelists:
   Non-Class:  6.00 KB
       Class:  12.00 KB
        Both:  18.00 KB

MaxMetaspaceSize: 17179869184.00 GB
CompressedClassSpaceSize: 1.00 GB

CodeHeap 'non-profiled nmethods': size=120000Kb used=729Kb max_used=729Kb free=119271Kb
 bounds [0x000001a2548b0000, 0x000001a254b20000, 0x000001a25bde0000]
CodeHeap 'profiled nmethods': size=120000Kb used=3868Kb max_used=3868Kb free=116132Kb
 bounds [0x000001a24d380000, 0x000001a24d750000, 0x000001a2548b0000]
CodeHeap 'non-nmethods': size=5760Kb used=1411Kb max_used=1450Kb free=4348Kb
 bounds [0x000001a24cde0000, 0x000001a24d050000, 0x000001a24d380000]
 total_blobs=3058 nmethods=1736 adapters=634
 compilation: enabled
              stopped_count=0, restarted_count=0
 full_count=0

Compilation events (20 events):
Event: 15.909 Thread 0x000001a268384000 1728       3       sun.awt.image.SunVolatileImage::getHeight (5 bytes)
Event: 15.909 Thread 0x000001a268384000 nmethod 1728 0x000001a24d73f010 code [0x000001a24d73f1a0, 0x000001a24d73f2d8]
Event: 15.909 Thread 0x000001a268384000 1729       3       sun.java2d.pipe.RenderBuffer::putDouble (26 bytes)
Event: 15.910 Thread 0x000001a268384000 nmethod 1729 0x000001a24d73f390 code [0x000001a24d73f520, 0x000001a24d73f6d8]
Event: 15.910 Thread 0x000001a268384000 1730       3       jdk.internal.misc.Unsafe::putDouble (8 bytes)
Event: 15.910 Thread 0x000001a268384000 nmethod 1730 0x000001a24d73f810 code [0x000001a24d73f9a0, 0x000001a24d73fad8]
Event: 15.978 Thread 0x000001a268315000 1732       4       java.security.AccessControlContext::<init> (63 bytes)
Event: 15.980 Thread 0x000001a268315000 nmethod 1732 0x000001a254965090 code [0x000001a254965220, 0x000001a254965538]
Event: 16.176 Thread 0x000001a268315000 1733       4       java.lang.ref.WeakReference::<init> (6 bytes)
Event: 16.177 Thread 0x000001a268315000 nmethod 1733 0x000001a254965610 code [0x000001a254965780, 0x000001a2549659b8]
Event: 16.578 Thread 0x000001a268315000 1734       4       sun.awt.AWTAccessor::getComponentAccessor (18 bytes)
Event: 16.578 Thread 0x000001a268315000 nmethod 1734 0x000001a254965a10 code [0x000001a254965ba0, 0x000001a254965c18]
Event: 16.578 Thread 0x000001a268384000 1735       3       sun.java2d.pipe.BufferedContext::validate (575 bytes)
Event: 16.579 Thread 0x000001a268315000 1736       4       javax.media.j3d.NativePipeline::callDisplayList (12 bytes)
Event: 16.580 Thread 0x000001a268315000 nmethod 1736 0x000001a254965d10 code [0x000001a254965ec0, 0x000001a254965fc8]
Event: 16.581 Thread 0x000001a268384000 nmethod 1735 0x000001a24d73fb90 code [0x000001a24d740120, 0x000001a24d744118]
Event: 16.710 Thread 0x000001a268384000 1737       3       sun.awt.windows.WComponentPeer::getTarget (5 bytes)
Event: 16.710 Thread 0x000001a268384000 nmethod 1737 0x000001a24d745410 code [0x000001a24d7455a0, 0x000001a24d7456d8]
Event: 16.741 Thread 0x000001a268384000 1738       3       java.util.IdentityHashMap::put (137 bytes)
Event: 16.741 Thread 0x000001a268384000 nmethod 1738 0x000001a24d745790 code [0x000001a24d7459c0, 0x000001a24d746518]

GC Heap History (2 events):
Event: 1.106 GC heap before
{Heap before GC invocations=0 (full 0):
 garbage-first heap   total 262144K, used 13312K [0x0000000701200000, 0x0000000800000000)
  region size 1024K, 13 young (13312K), 0 survivors (0K)
 Metaspace       used 9231K, capacity 9556K, committed 9856K, reserved 1058816K
  class space    used 945K, capacity 1067K, committed 1152K, reserved 1048576K
}
Event: 1.110 GC heap after
{Heap after GC invocations=1 (full 0):
 garbage-first heap   total 262144K, used 3004K [0x0000000701200000, 0x0000000800000000)
  region size 1024K, 2 young (2048K), 2 survivors (2048K)
 Metaspace       used 9231K, capacity 9556K, committed 9856K, reserved 1058816K
  class space    used 945K, capacity 1067K, committed 1152K, reserved 1048576K
}

Deoptimization events (20 events):
Event: 4.408 Thread 0x000001a272282000 Uncommon trap: trap_request=0xffffff66 fr.pc=0x000001a2549404ec relative=0x00000000000054ac
Event: 4.408 Thread 0x000001a272282000 Uncommon trap: reason=speculate_class_check action=maybe_recompile pc=0x000001a2549404ec method=java.awt.EventQueue.coalesceEvent(Ljava/awt/AWTEvent;I)Z @ 53 c2
Event: 4.408 Thread 0x000001a272282000 DEOPT PACKING pc=0x000001a2549404ec sp=0x0000000ea07feb40
Event: 4.408 Thread 0x000001a272282000 DEOPT UNPACKING pc=0x000001a24ce2912f sp=0x0000000ea07fe998 mode 2
Event: 5.482 Thread 0x000001a272282000 Uncommon trap: trap_request=0xffffff3d fr.pc=0x000001a25494cadc relative=0x000000000000487c
Event: 5.482 Thread 0x000001a272282000 Uncommon trap: reason=unstable_fused_if action=reinterpret pc=0x000001a25494cadc method=java.awt.EventQueue.eventToCacheIndex(Ljava/awt/AWTEvent;)I @ 4 c2
Event: 5.482 Thread 0x000001a272282000 DEOPT PACKING pc=0x000001a25494cadc sp=0x0000000ea07feb40
Event: 5.482 Thread 0x000001a272282000 DEOPT UNPACKING pc=0x000001a24ce2912f sp=0x0000000ea07fe8c0 mode 2
Event: 5.482 Thread 0x000001a272282000 Uncommon trap: trap_request=0xffffff3d fr.pc=0x000001a254939cbc relative=0x000000000000007c
Event: 5.482 Thread 0x000001a272282000 Uncommon trap: reason=unstable_fused_if action=reinterpret pc=0x000001a254939cbc method=java.awt.EventQueue.eventToCacheIndex(Ljava/awt/AWTEvent;)I @ 4 c2
Event: 5.482 Thread 0x000001a272282000 DEOPT PACKING pc=0x000001a254939cbc sp=0x0000000ea07fe9a0
Event: 5.482 Thread 0x000001a272282000 DEOPT UNPACKING pc=0x000001a24ce2912f sp=0x0000000ea07fe938 mode 2
Event: 9.552 Thread 0x000001a272282000 Uncommon trap: trap_request=0xffffff45 fr.pc=0x000001a2549345a0 relative=0x0000000000000260
Event: 9.552 Thread 0x000001a272282000 Uncommon trap: reason=unstable_if action=reinterpret pc=0x000001a2549345a0 method=java.security.AccessControlContext.optimize()Ljava/security/AccessControlContext; @ 207 c2
Event: 9.552 Thread 0x000001a272282000 DEOPT PACKING pc=0x000001a2549345a0 sp=0x0000000ea07fe670
Event: 9.552 Thread 0x000001a272282000 DEOPT UNPACKING pc=0x000001a24ce2912f sp=0x0000000ea07fe5d0 mode 2
Event: 9.556 Thread 0x000001a272107000 Uncommon trap: trap_request=0xffffffde fr.pc=0x000001a254929700 relative=0x00000000000006e0
Event: 9.556 Thread 0x000001a272107000 Uncommon trap: reason=class_check action=maybe_recompile pc=0x000001a254929700 method=javax.media.j3d.UnorderList.toArray(Z)[Ljava/lang/Object; @ 42 c2
Event: 9.556 Thread 0x000001a272107000 DEOPT PACKING pc=0x000001a254929700 sp=0x0000000ea11ff170
Event: 9.556 Thread 0x000001a272107000 DEOPT UNPACKING pc=0x000001a24ce2912f sp=0x0000000ea11ff118 mode 2

Classes unloaded (0 events):
No events

Classes redefined (0 events):
No events

Internal exceptions (13 events):
Event: 0.200 Thread 0x000001a24463c000 Exception <a 'java/lang/ClassNotFoundException'{0x0000000710cc4b88}: sun/awt/resources/spi/awtProvider> (0x0000000710cc4b88) 
thrown [./open/src/hotspot/share/classfile/systemDictionary.cpp, line 226]
Event: 0.227 Thread 0x000001a24463c000 Exception <a 'java/io/FileNotFoundException'{0x0000000710b0cba0}> (0x0000000710b0cba0) 
thrown [./open/src/hotspot/share/prims/jni.cpp, line 599]
Event: 0.238 Thread 0x000001a24463c000 Exception <a 'java/io/FileNotFoundException'{0x0000000710b331b8}> (0x0000000710b331b8) 
thrown [./open/src/hotspot/share/prims/jni.cpp, line 599]
Event: 0.295 Thread 0x000001a2689fe800 Exception <a 'java/lang/NoSuchMethodError'{0x0000000710bcd0c0}: 'void java.lang.invoke.DirectMethodHandle$Holder.invokeSpecial(java.lang.Object, java.lang.Object)'> (0x0000000710bcd0c0) 
thrown [./open/src/hotspot/share/interpreter/linkResolver.cpp, line 766]
Event: 0.417 Thread 0x000001a24463c000 Exception <a 'java/lang/NoSuchMethodError'{0x0000000710a34470}: 'java.lang.Object java.lang.invoke.DirectMethodHandle$Holder.invokeStatic(java.lang.Object, int, java.lang.Object, java.lang.Object, java.lang.Object, java.lang.Object)'> (0x0000000710a34470) 
thrown [./open/src/hotspot/share/interpreter/linkResolver.cpp, line 766]
Event: 0.418 Thread 0x000001a24463c000 Exception <a 'java/lang/NoSuchMethodError'{0x0000000710a3ad90}: 'java.lang.Object java.lang.invoke.DirectMethodHandle$Holder.invokeStatic(java.lang.Object, int, java.lang.Object, java.lang.Object, java.lang.Object)'> (0x0000000710a3ad90) 
thrown [./open/src/hotspot/share/interpreter/linkResolver.cpp, line 766]
Event: 0.418 Thread 0x000001a24463c000 Exception <a 'java/lang/NoSuchMethodError'{0x0000000710a3e5e0}: 'java.lang.Object java.lang.invoke.DirectMethodHandle$Holder.invokeSpecial(java.lang.Object, java.lang.Object, int, java.lang.Object, java.lang.Object, java.lang.Object)'> (0x0000000710a3e5e0) 
thrown [./open/src/hotspot/share/interpreter/linkResolver.cpp, line 766]
Event: 0.422 Thread 0x000001a24463c000 Exception <a 'java/lang/NoSuchMethodError'{0x0000000710a54bb0}: 'java.lang.Object java.lang.invoke.DirectMethodHandle$Holder.invokeStatic(java.lang.Object, int, java.lang.Object)'> (0x0000000710a54bb0) 
thrown [./open/src/hotspot/share/interpreter/linkResolver.cpp, line 766]
Event: 0.468 Thread 0x000001a24463c000 Exception <a 'java/lang/ClassNotFoundException'{0x0000000710af84a8}: com/sun/swing/internal/plaf/metal/resources/spi/metalProvider> (0x0000000710af84a8) 
thrown [./open/src/hotspot/share/classfile/systemDictionary.cpp, line 226]
Event: 0.472 Thread 0x000001a24463c000 Exception <a 'java/lang/ClassNotFoundException'{0x0000000710afc7c0}: com/sun/swing/internal/plaf/basic/resources/spi/basicProvider> (0x0000000710afc7c0) 
thrown [./open/src/hotspot/share/classfile/systemDictionary.cpp, line 226]
Event: 0.482 Thread 0x000001a24463c000 Implicit null exception at 0x000001a2548c342f to 0x000001a2548c34ad
Event: 1.097 Thread 0x000001a24463c000 Exception <a 'java/lang/NoSuchMethodError'{0x00000007105bafd8}: 'void java.lang.invoke.DirectMethodHandle$Holder.invokeStaticInit(java.lang.Object)'> (0x00000007105bafd8) 
thrown [./open/src/hotspot/share/interpreter/linkResolver.cpp, line 766]
Event: 1.123 Thread 0x000001a24463c000 Exception <a 'java/lang/NoSuchMethodError'{0x000000071118ffe8}: 'java.lang.Object java.lang.invoke.Invokers$Holder.linkToTargetMethod(java.lang.Object, int, java.lang.Object)'> (0x000000071118ffe8) 
thrown [./open/src/hotspot/share/interpreter/linkResolver.cpp, line 766]

Events (20 events):
Event: 1.608 Executing VM operation: HandshakeOneThread done
Event: 1.610 Executing VM operation: HandshakeOneThread
Event: 1.610 Executing VM operation: HandshakeOneThread done
Event: 1.611 Executing VM operation: HandshakeOneThread
Event: 1.611 Executing VM operation: HandshakeOneThread done
Event: 1.613 Executing VM operation: HandshakeOneThread
Event: 1.613 Executing VM operation: HandshakeOneThread done
Event: 1.615 Executing VM operation: BulkRevokeBias
Event: 1.616 Executing VM operation: BulkRevokeBias done
Event: 1.652 Loaded shared library C:\Program Files\Java\jdk-14.0.1\bin\java.dll
Event: 1.701 Executing VM operation: HandshakeOneThread
Event: 1.701 Executing VM operation: HandshakeOneThread done
Event: 1.939 Loaded shared library C:\Program Files\Java\jdk-14.0.1\bin\java.dll
Event: 2.511 Loaded shared library C:\Users\PolShim\IdeaProjects\ArticulatedArmAlpha\j3dcore-ogl.dll
Event: 2.956 Executing VM operation: HandshakeOneThread
Event: 2.956 Executing VM operation: HandshakeOneThread done
Event: 9.556 Executing VM operation: HandshakeOneThread
Event: 9.556 Executing VM operation: HandshakeOneThread done
Event: 15.978 loading class java/security/DomainCombiner
Event: 15.978 loading class java/security/DomainCombiner done


Dynamic libraries:
0x00007ff7850b0000 - 0x00007ff7850bf000 	C:\Program Files\Java\jdk-14.0.1\bin\java.exe
0x00007ffd3a740000 - 0x00007ffd3a930000 	C:\WINDOWS\SYSTEM32\ntdll.dll
0x00007ffd3a640000 - 0x00007ffd3a6f2000 	C:\WINDOWS\System32\KERNEL32.DLL
0x00007ffd370d0000 - 0x00007ffd37374000 	C:\WINDOWS\System32\KERNELBASE.dll
0x00007ffd36fd0000 - 0x00007ffd370ca000 	C:\WINDOWS\System32\ucrtbase.dll
0x00007ffd313f0000 - 0x00007ffd31408000 	C:\Program Files\Java\jdk-14.0.1\bin\jli.dll
0x00007ffd3a3b0000 - 0x00007ffd3a453000 	C:\WINDOWS\System32\ADVAPI32.dll
0x00007ffd3a310000 - 0x00007ffd3a3ae000 	C:\WINDOWS\System32\msvcrt.dll
0x00007ffd39440000 - 0x00007ffd394d7000 	C:\WINDOWS\System32\sechost.dll
0x00007ffd39b20000 - 0x00007ffd39c40000 	C:\WINDOWS\System32\RPCRT4.dll
0x00007ffd38a20000 - 0x00007ffd38bb4000 	C:\WINDOWS\System32\USER32.dll
0x00007ffd36ed0000 - 0x00007ffd36ef1000 	C:\WINDOWS\System32\win32u.dll
0x00007ffd39240000 - 0x00007ffd39266000 	C:\WINDOWS\System32\GDI32.dll
0x00007ffd37c50000 - 0x00007ffd37de5000 	C:\WINDOWS\System32\gdi32full.dll
0x00007ffd36f30000 - 0x00007ffd36fce000 	C:\WINDOWS\System32\msvcp_win.dll
0x00007ffd15dd0000 - 0x00007ffd15de5000 	C:\Program Files\Java\jdk-14.0.1\bin\VCRUNTIME140.dll
0x00007ffd28030000 - 0x00007ffd282b4000 	C:\WINDOWS\WinSxS\amd64_microsoft.windows.common-controls_6595b64144ccf1df_6.0.18362.900_none_e6beb9d913147d17\COMCTL32.dll
0x00007ffd39fd0000 - 0x00007ffd3a305000 	C:\WINDOWS\System32\combase.dll
0x00007ffd36e50000 - 0x00007ffd36ed0000 	C:\WINDOWS\System32\bcryptPrimitives.dll
0x00007ffd2f400000 - 0x00007ffd2f40a000 	C:\WINDOWS\SYSTEM32\VERSION.dll
0x00007ffd37e60000 - 0x00007ffd37e8e000 	C:\WINDOWS\System32\IMM32.DLL
0x00007ffcfdf50000 - 0x00007ffcfdfeb000 	C:\Program Files\Java\jdk-14.0.1\bin\msvcp140.dll
0x00007ffce9070000 - 0x00007ffce9b8e000 	C:\Program Files\Java\jdk-14.0.1\bin\server\jvm.dll
0x00007ffd37f50000 - 0x00007ffd37f58000 	C:\WINDOWS\System32\PSAPI.DLL
0x00007ffd2d5b0000 - 0x00007ffd2d5b9000 	C:\WINDOWS\SYSTEM32\WSOCK32.dll
0x00007ffd39ab0000 - 0x00007ffd39b1f000 	C:\WINDOWS\System32\WS2_32.dll
0x00007ffd27550000 - 0x00007ffd27574000 	C:\WINDOWS\SYSTEM32\WINMM.dll
0x00007ffd27520000 - 0x00007ffd2754d000 	C:\WINDOWS\SYSTEM32\WINMMBASE.dll
0x00007ffd37e10000 - 0x00007ffd37e5a000 	C:\WINDOWS\System32\cfgmgr32.dll
0x00007ffd36cf0000 - 0x00007ffd36d01000 	C:\WINDOWS\System32\kernel.appcore.dll
0x00007ffd19a70000 - 0x00007ffd19a7a000 	C:\Program Files\Java\jdk-14.0.1\bin\jimage.dll
0x00007ffd31950000 - 0x00007ffd31b44000 	C:\WINDOWS\SYSTEM32\DBGHELP.DLL
0x00007ffd32300000 - 0x00007ffd3232a000 	C:\WINDOWS\SYSTEM32\dbgcore.DLL
0x00007ffd338a0000 - 0x00007ffd338ae000 	C:\Program Files\Java\jdk-14.0.1\bin\instrument.dll
0x00007ffd13e70000 - 0x00007ffd13e95000 	C:\Program Files\Java\jdk-14.0.1\bin\java.dll
0x00007ffd14c80000 - 0x00007ffd14c96000 	C:\Program Files\Java\jdk-14.0.1\bin\zip.dll
0x00007ffd380b0000 - 0x00007ffd38796000 	C:\WINDOWS\System32\SHELL32.dll
0x00007ffd38000000 - 0x00007ffd380a9000 	C:\WINDOWS\System32\shcore.dll
0x00007ffd374d0000 - 0x00007ffd37c50000 	C:\WINDOWS\System32\windows.storage.dll
0x00007ffd36d10000 - 0x00007ffd36d33000 	C:\WINDOWS\System32\profapi.dll
0x00007ffd36ca0000 - 0x00007ffd36cea000 	C:\WINDOWS\System32\powrprof.dll
0x00007ffd36c70000 - 0x00007ffd36c80000 	C:\WINDOWS\System32\UMPDC.dll
0x00007ffd37ef0000 - 0x00007ffd37f42000 	C:\WINDOWS\System32\shlwapi.dll
0x00007ffd37df0000 - 0x00007ffd37e07000 	C:\WINDOWS\System32\cryptsp.dll
0x00007ffd0bea0000 - 0x00007ffd0beb9000 	C:\Program Files\Java\jdk-14.0.1\bin\net.dll
0x00007ffd310b0000 - 0x00007ffd311a0000 	C:\WINDOWS\SYSTEM32\WINHTTP.dll
0x00007ffd36480000 - 0x00007ffd364e7000 	C:\WINDOWS\system32\mswsock.dll
0x00007ffd0bbd0000 - 0x00007ffd0bbe2000 	C:\Program Files\Java\jdk-14.0.1\bin\nio.dll
0x00007ffd19770000 - 0x00007ffd19780000 	C:\Program Files\Java\jdk-14.0.1\bin\verify.dll
0x00007ffd33880000 - 0x00007ffd3389a000 	C:\Program Files\JetBrains\IntelliJ IDEA Community Edition 2020.1\bin\breakgen64.dll
0x00007ffd14e10000 - 0x00007ffd14fa8000 	C:\Program Files\Java\jdk-14.0.1\bin\awt.dll
0x00007ffd38d00000 - 0x00007ffd38dc5000 	C:\WINDOWS\System32\OLEAUT32.dll
0x00007ffd34f30000 - 0x00007ffd34fbf000 	C:\WINDOWS\SYSTEM32\apphelp.dll
0x00007ffd354f0000 - 0x00007ffd3551d000 	C:\WINDOWS\system32\DWMAPI.DLL
0x00007ffd35420000 - 0x00007ffd354b9000 	C:\WINDOWS\system32\uxtheme.dll
0x00007ffd05590000 - 0x00007ffd056e6000 	C:\WINDOWS\system32\opengl32.dll
0x00007ffd06d90000 - 0x00007ffd06dbc000 	C:\WINDOWS\SYSTEM32\GLU32.dll
0x00007ffd35a50000 - 0x00007ffd35a70000 	C:\WINDOWS\SYSTEM32\dxcore.dll
0x00007ffd38bc0000 - 0x00007ffd38cf5000 	C:\WINDOWS\System32\MSCTF.dll
0x00007ffd39280000 - 0x00007ffd393d7000 	C:\WINDOWS\System32\ole32.dll
0x00007ffd05790000 - 0x00007ffd05957000 	C:\WINDOWS\system32\d3d9.dll
0x00007ffd1c6f0000 - 0x00007ffd1c8c7000 	C:\WINDOWS\System32\DriverStore\FileRepository\u0352369.inf_amd64_275818c45a90b362\B352355\aticfx64.dll
0x00007ffcfa920000 - 0x00007ffcfa951000 	C:\WINDOWS\System32\DriverStore\FileRepository\u0352369.inf_amd64_275818c45a90b362\B352355\atiu9p64.dll
0x00007ffcedda0000 - 0x00007ffceea29000 	C:\WINDOWS\System32\DriverStore\FileRepository\u0352369.inf_amd64_275818c45a90b362\B352355\atiumd64.dll
0x0000000061ba0000 - 0x0000000062965000 	C:\WINDOWS\System32\DriverStore\FileRepository\u0352369.inf_amd64_275818c45a90b362\B352355\atiumd6a.dll
0x00007ffd1ac70000 - 0x00007ffd1ac9e000 	C:\WINDOWS\SYSTEM32\amdihk64.dll
0x00007ffd33820000 - 0x00007ffd33827000 	C:\Program Files\Java\jdk-14.0.1\bin\jawt.dll
0x0000000010000000 - 0x000000001003e000 	C:\Users\PolShim\IdeaProjects\ArticulatedArmAlpha\j3dcore-ogl.dll
0x00007ffd05c30000 - 0x00007ffd05c59000 	C:\WINDOWS\System32\DriverStore\FileRepository\u0352369.inf_amd64_275818c45a90b362\B352355\atig6pxx.dll
0x00007ffcd4b00000 - 0x00007ffcd7bc6000 	C:\WINDOWS\System32\DriverStore\FileRepository\u0352369.inf_amd64_275818c45a90b362\B352355\atio6axx.dll
0x00007ffd38dd0000 - 0x00007ffd39240000 	C:\WINDOWS\System32\SETUPAPI.dll
0x00007ffd36f00000 - 0x00007ffd36f26000 	C:\WINDOWS\System32\bcrypt.dll
0x00007ffd0cca0000 - 0x00007ffd0ccc3000 	C:\WINDOWS\SYSTEM32\dxva2.dll
0x00007ffcfd200000 - 0x00007ffcfd23a000 	C:\WINDOWS\System32\DriverStore\FileRepository\u0352369.inf_amd64_275818c45a90b362\B352355\atig6txx.dll
0x00007ffd0cee0000 - 0x00007ffd0d08e000 	C:\WINDOWS\SYSTEM32\atiadlxx.dll
0x00007ffd30e80000 - 0x00007ffd30f70000 	C:\WINDOWS\SYSTEM32\PROPSYS.dll
0x00007ffd36a70000 - 0x00007ffd36a9a000 	C:\WINDOWS\SYSTEM32\DEVOBJ.dll
0x00007ffd36d40000 - 0x00007ffd36d9c000 	C:\WINDOWS\System32\WINTRUST.dll
0x00007ffd36c80000 - 0x00007ffd36c92000 	C:\WINDOWS\System32\MSASN1.dll
0x00007ffd37380000 - 0x00007ffd374c9000 	C:\WINDOWS\System32\CRYPT32.dll
0x00007ffd26a10000 - 0x00007ffd26a92000 	C:\Program Files\Java\jdk-14.0.1\bin\freetype.dll
0x00007ffd20c50000 - 0x00007ffd20cf6000 	C:\Program Files\Java\jdk-14.0.1\bin\fontmanager.dll
0x00007ffd1db50000 - 0x00007ffd1dbee000 	C:\WINDOWS\System32\TextInputFramework.dll
0x00007ffd1eec0000 - 0x00007ffd1f1ea000 	C:\WINDOWS\System32\CoreUIComponents.dll
0x00007ffd34d20000 - 0x00007ffd34df4000 	C:\WINDOWS\System32\CoreMessaging.dll
0x00007ffd35cd0000 - 0x00007ffd35d01000 	C:\WINDOWS\SYSTEM32\ntmarta.dll
0x00007ffd33290000 - 0x00007ffd333e3000 	C:\WINDOWS\SYSTEM32\wintypes.dll
0x00007ffd39d20000 - 0x00007ffd39fc6000 	C:\WINDOWS\System32\iertutil.dll
0x00007ffd39c50000 - 0x00007ffd39cf2000 	C:\WINDOWS\System32\clbcatq.dll
0x00007ffd269e0000 - 0x00007ffd26a0d000 	C:\Program Files\Java\jdk-14.0.1\bin\javajpeg.dll
0x00007ffcec4a0000 - 0x00007ffcec7bb000 	C:\Users\PolShim\AppData\Roaming\discord\0.0.306\modules\discord_hook\4d35b5f44b\DiscordHook64.dll
0x00007ffd36b60000 - 0x00007ffd36b85000 	C:\WINDOWS\SYSTEM32\USERENV.dll
0x00007ffd36190000 - 0x00007ffd361ca000 	C:\WINDOWS\SYSTEM32\IPHLPAPI.DLL
0x00007ffd35a70000 - 0x00007ffd35b5b000 	C:\WINDOWS\SYSTEM32\dxgi.dll
0x00007ffd34110000 - 0x00007ffd3436b000 	C:\WINDOWS\SYSTEM32\d3d11.dll
0x00007ffd1c6b0000 - 0x00007ffd1c6e6000 	C:\WINDOWS\System32\DriverStore\FileRepository\u0352369.inf_amd64_275818c45a90b362\B352355\atiuxp64.dll
0x00007ffd1adc0000 - 0x00007ffd1c6ae000 	C:\WINDOWS\System32\DriverStore\FileRepository\u0352369.inf_amd64_275818c45a90b362\B352355\atidxx64.dll
0x00007ffd34370000 - 0x00007ffd347c2000 	C:\WINDOWS\SYSTEM32\D3DCompiler_47.dll

dbghelp: loaded successfully - version: 4.0.5 - missing functions: none
symbol engine: initialized successfully - sym options: 0x614 - pdb path: .;C:\Program Files\Java\jdk-14.0.1\bin;C:\WINDOWS\SYSTEM32;C:\WINDOWS\WinSxS\amd64_microsoft.windows.common-controls_6595b64144ccf1df_6.0.18362.900_none_e6beb9d913147d17;C:\Program Files\Java\jdk-14.0.1\bin\server;C:\Program Files\JetBrains\IntelliJ IDEA Community Edition 2020.1\bin;C:\WINDOWS\System32\DriverStore\FileRepository\u0352369.inf_amd64_275818c45a90b362\B352355;C:\Users\PolShim\IdeaProjects\ArticulatedArmAlpha;C:\Users\PolShim\AppData\Roaming\discord\0.0.306\modules\discord_hook\4d35b5f44b

VM Arguments:
jvm_args: -javaagent:C:\Program Files\JetBrains\IntelliJ IDEA Community Edition 2020.1\lib\idea_rt.jar=56605:C:\Program Files\JetBrains\IntelliJ IDEA Community Edition 2020.1\bin -Dfile.encoding=UTF-8 
java_command: Robot.Robot_Run
java_class_path (initial): C:\Users\PolShim\IdeaProjects\ArticulatedArmAlpha\out\production\ArticulatedArmAlpha;C:\Users\PolShim\IdeaProjects\ArticulatedArmAlpha\vecmath.jar;C:\Users\PolShim\IdeaProjects\ArticulatedArmAlpha\j3dcore.jar;C:\Users\PolShim\IdeaProjects\ArticulatedArmAlpha\j3dutils.jar
Launcher Type: SUN_STANDARD

[Global flags]
     intx CICompilerCount                          = 3                                         {product} {ergonomic}
     uint ConcGCThreads                            = 1                                         {product} {ergonomic}
     uint G1ConcRefinementThreads                  = 4                                         {product} {ergonomic}
   size_t G1HeapRegionSize                         = 1048576                                   {product} {ergonomic}
    uintx GCDrainStackTargetSize                   = 64                                        {product} {ergonomic}
   size_t InitialHeapSize                          = 268435456                                 {product} {ergonomic}
   size_t MarkStackSize                            = 4194304                                   {product} {ergonomic}
   size_t MaxHeapSize                              = 4276092928                                {product} {ergonomic}
   size_t MaxNewSize                               = 2564816896                                {product} {ergonomic}
   size_t MinHeapDeltaBytes                        = 1048576                                   {product} {ergonomic}
   size_t MinHeapSize                              = 8388608                                   {product} {ergonomic}
    uintx NonNMethodCodeHeapSize                   = 5832780                                {pd product} {ergonomic}
    uintx NonProfiledCodeHeapSize                  = 122912730                              {pd product} {ergonomic}
    uintx ProfiledCodeHeapSize                     = 122912730                              {pd product} {ergonomic}
    uintx ReservedCodeCacheSize                    = 251658240                              {pd product} {ergonomic}
     bool SegmentedCodeCache                       = true                                      {product} {ergonomic}
   size_t SoftMaxHeapSize                          = 4276092928                             {manageable} {ergonomic}
     bool UseCompressedClassPointers               = true                                 {lp64_product} {ergonomic}
     bool UseCompressedOops                        = true                                 {lp64_product} {ergonomic}
     bool UseG1GC                                  = true                                      {product} {ergonomic}
     bool UseLargePagesIndividualAllocation        = false                                  {pd product} {ergonomic}

Logging:
Log output configuration:
 #0: stdout all=warning uptime,level,tags
 #1: stderr all=off uptime,level,tags

Environment Variables:
PATH=C:\Program Files (x86)\NVIDIA Corporation\PhysX\Common;C:\ProgramData\Oracle\Java\javapath;C:\Program Files (x86)\Intel\iCLS Client\;C:\Program Files\Intel\iCLS Client\;C:\WINDOWS\system32;C:\WINDOWS;C:\WINDOWS\System32\Wbem;C:\WINDOWS\System32\WindowsPowerShell\v1.0\;C:\Program Files\Intel\Intel(R) Management Engine Components\DAL;C:\Program Files (x86)\Intel\Intel(R) Management Engine Components\DAL;C:\Program Files\Intel\Intel(R) Management Engine Components\IPT;C:\Program Files (x86)\Intel\Intel(R) Management Engine Components\IPT;C:\Program Files (x86)\ATI Technologies\ATI.ACE\Core-Static;C:\Program Files (x86)\AMD\ATI.ACE\Core-Static;C:\Program Files\Git\cmd;C:\Program Files\MatlabNew\R2019a\runtime\win64;C:\Program Files\MatlabNew\R2019a\bin;C:\Program Files\MatlabNew\R2019a\polyspace\bin;C:\WINDOWS\System32\OpenSSH\;C:\Users\PolShim\AppData\Local\Programs\Python\Python38-32\Scripts\;C:\Users\PolShim\AppData\Local\Programs\Python\Python38-32\;C:\Users\PolShim\AppData\Local\GitHubDesktop\bin;C:\Users\PolShim\AppData\Local\Microsoft\WindowsApps;
USERNAME=PolShim
OS=Windows_NT
PROCESSOR_IDENTIFIER=Intel64 Family 6 Model 60 Stepping 3, GenuineIntel



---------------  S Y S T E M  ---------------

OS: Windows 10 , 64 bit Build 18362 (10.0.18362.900)
OS uptime: 5 days 5:09 hours

CPU:total 4 (initial active 4) (4 cores per cpu, 1 threads per core) family 6 model 60 stepping 3, cmov, cx8, fxsr, mmx, sse, sse2, sse3, ssse3, sse4.1, sse4.2, popcnt, avx, avx2, aes, clmul, erms, lzcnt, tsc, tscinvbit, bmi1, bmi2, fma

Memory: 4k page, system-wide physical 16311M (10473M free)
TotalPageFile size 32695M (AvailPageFile size 21685M)
current process WorkingSet (physical memory assigned to process): 715M, peak: 715M
current process commit charge ("private bytes"): 2192M, peak: 2192M

vm_info: Java HotSpot(TM) 64-Bit Server VM (14.0.1+7) for windows-amd64 JRE (14.0.1+7), built on Mar  5 2020 10:30:14 by "mach5one" with MS VC++ 15.9 (VS2017)

END.
